<?xml version="1.0" encoding="UTF-8"?>
<TestRun id="8b897f3a-c076-4508-9a02-c56ff1228937" name="Paolo Possanzini@ARCHERAIR 2012-04-27 15:38:13" runUser="ArcherAir\Paolo Possanzini" xmlns="http://microsoft.com/schemas/VisualStudio/TeamTest/2010">
  <TestSettings name="Local" id="b64f6e3c-f874-4d40-80bf-369ba9bd7b4f">
    <Description>These are default test settings for a local test run.</Description>
    <Deployment enabled="false" runDeploymentRoot="Paolo Possanzini_ARCHERAIR 2012-04-27 15_38_13">
      <DeploymentItem filename="C:\temp\Pegaso 2000\MultiThreading\ParallelSearch\bin\Debug\ParallelSearch.exe" />
    </Deployment>
    <Execution>
      <TestTypeSpecific />
      <AgentRule name="Execution Agents">
      </AgentRule>
    </Execution>
  </TestSettings>
  <Times creation="2012-04-27T15:38:13.7021484+02:00" queuing="2012-04-27T15:38:14.7490234+02:00" start="2012-04-27T15:38:15.0771484+02:00" finish="2012-04-27T15:38:59.2958984+02:00" />
  <ResultSummary outcome="Error">
    <Counters total="1" executed="1" error="0" failed="0" timeout="0" aborted="1" inconclusive="0" passedButRunAborted="0" notRunnable="0" notExecuted="0" disconnected="0" warning="0" passed="0" completed="0" inProgress="0" pending="0" />
    <RunInfos>
      <RunInfo computerName="ARCHERAIR" outcome="Error" timestamp="2012-04-27T15:38:59.2958984+02:00">
        <Text>Test host process exited unexpectedly.</Text>
      </RunInfo>
    </RunInfos>
  </ResultSummary>
  <TestDefinitions>
    <UnitTest name="ListaConPochiValori" storage="c:\temp\pegaso 2000\multithreading\testproject1\bin\debug\testproject1.dll" id="915ecda9-bde9-57f2-ada3-100f4f9eaa2f">
      <Execution id="f84088fa-c986-4105-bee5-d083d5481729" />
      <TestMethod codeBase="C:/temp/Pegaso 2000/MultiThreading/TestProject1/bin/Debug/TestProject1.DLL" adapterTypeName="Microsoft.VisualStudio.TestTools.TestTypes.Unit.UnitTestAdapter, Microsoft.VisualStudio.QualityTools.Tips.UnitTest.Adapter, Version=10.0.0.0, Culture=neutral, PublicKeyToken=b03f5f7f11d50a3a" className="TestProject1.UnitTest1, TestProject1, Version=1.0.0.0, Culture=neutral, PublicKeyToken=null" name="ListaConPochiValori" />
    </UnitTest>
  </TestDefinitions>
  <TestLists>
    <TestList name="Results Not in a List" id="8c84fa94-04c1-424b-9868-57a2d4851a1d" />
    <TestList name="All Loaded Results" id="19431567-8539-422a-85d7-44ee4e166bda" />
  </TestLists>
  <TestEntries>
    <TestEntry testId="915ecda9-bde9-57f2-ada3-100f4f9eaa2f" executionId="f84088fa-c986-4105-bee5-d083d5481729" testListId="8c84fa94-04c1-424b-9868-57a2d4851a1d" />
  </TestEntries>
  <Results>
    <UnitTestResult executionId="f84088fa-c986-4105-bee5-d083d5481729" testId="915ecda9-bde9-57f2-ada3-100f4f9eaa2f" testName="ListaConPochiValori" computerName="ARCHERAIR" duration="00:00:44.0312500" startTime="2012-04-27T15:38:15.2646484+02:00" endTime="2012-04-27T15:38:59.2958984+02:00" testType="13cdc9d9-ddb5-4fa4-a97d-d965ccfc6d4b" outcome="Aborted" testListId="8c84fa94-04c1-424b-9868-57a2d4851a1d" relativeResultsDirectory="f84088fa-c986-4105-bee5-d083d5481729">
    </UnitTestResult>
  </Results>
</TestRun>