<?xml version="1.0" encoding="UTF-8"?>
<TestRun id="9fccc3c1-7205-4960-a58f-7261b91e6ffa" name="Paolo Possanzini@ARCHERAIR 2012-04-27 17:29:33" runUser="ArcherAir\Paolo Possanzini" xmlns="http://microsoft.com/schemas/VisualStudio/TeamTest/2010">
  <TestSettings name="Local" id="4707d66f-81bb-41c3-aa51-3ebe07eb1174">
    <Description>These are default test settings for a local test run.</Description>
    <Deployment enabled="false" runDeploymentRoot="Paolo Possanzini_ARCHERAIR 2012-04-27 17_29_33">
      <DeploymentItem filename="C:\temp\Pegaso 2000\TestableWebApplication\BL\bin\Debug\BL.dll" />
      <DeploymentItem filename="C:\temp\Pegaso 2000\TestableWebApplication\Model\bin\Debug\Model.dll" />
      <DeploymentItem filename="C:\temp\Pegaso 2000\TestableWebApplication\DataAccessLayer\bin\Debug\DataAccessLayer.dll" />
      <DeploymentItem filename="C:\temp\Pegaso 2000\TestableWebApplication\Factory\bin\Debug\Factory.dll" />
    </Deployment>
    <Execution>
      <TestTypeSpecific />
      <AgentRule name="Execution Agents">
      </AgentRule>
    </Execution>
  </TestSettings>
  <Times creation="2012-04-27T17:29:33.1660156+02:00" queuing="2012-04-27T17:29:34.1503906+02:00" start="2012-04-27T17:29:34.4003906+02:00" finish="2012-04-27T17:30:56.8720703+02:00" />
  <ResultSummary outcome="Error">
    <Counters total="1" executed="1" error="0" failed="0" timeout="0" aborted="1" inconclusive="0" passedButRunAborted="0" notRunnable="0" notExecuted="0" disconnected="0" warning="0" passed="0" completed="0" inProgress="0" pending="0" />
    <RunInfos>
      <RunInfo computerName="ARCHERAIR" outcome="Error" timestamp="2012-04-27T17:30:56.8720703+02:00">
        <Text>Test host process exited unexpectedly.</Text>
      </RunInfo>
    </RunInfos>
  </ResultSummary>
  <TestDefinitions>
    <UnitTest name="GetCustomer2" storage="c:\temp\pegaso 2000\testablewebapplication\testproject1\bin\debug\testproject1.dll" id="b23c788d-43d7-31d9-766d-cc9538017e70">
      <Execution id="e71adb4c-d133-46cd-b69e-c7a85cb7aea2" />
      <TestMethod codeBase="C:/temp/Pegaso 2000/TestableWebApplication/TestProject1/bin/Debug/TestProject1.DLL" adapterTypeName="Microsoft.VisualStudio.TestTools.TestTypes.Unit.UnitTestAdapter, Microsoft.VisualStudio.QualityTools.Tips.UnitTest.Adapter, Version=10.0.0.0, Culture=neutral, PublicKeyToken=b03f5f7f11d50a3a" className="TestProject1.UnitTest1, TestProject1, Version=1.0.0.0, Culture=neutral, PublicKeyToken=null" name="GetCustomer2" />
    </UnitTest>
  </TestDefinitions>
  <TestLists>
    <TestList name="Results Not in a List" id="8c84fa94-04c1-424b-9868-57a2d4851a1d" />
    <TestList name="All Loaded Results" id="19431567-8539-422a-85d7-44ee4e166bda" />
  </TestLists>
  <TestEntries>
    <TestEntry testId="b23c788d-43d7-31d9-766d-cc9538017e70" executionId="e71adb4c-d133-46cd-b69e-c7a85cb7aea2" testListId="8c84fa94-04c1-424b-9868-57a2d4851a1d" />
  </TestEntries>
  <Results>
    <UnitTestResult executionId="e71adb4c-d133-46cd-b69e-c7a85cb7aea2" testId="b23c788d-43d7-31d9-766d-cc9538017e70" testName="GetCustomer2" computerName="ARCHERAIR" duration="00:01:22.2685547" startTime="2012-04-27T17:29:34.6035156+02:00" endTime="2012-04-27T17:30:56.8720703+02:00" testType="13cdc9d9-ddb5-4fa4-a97d-d965ccfc6d4b" outcome="Aborted" testListId="8c84fa94-04c1-424b-9868-57a2d4851a1d" relativeResultsDirectory="e71adb4c-d133-46cd-b69e-c7a85cb7aea2">
    </UnitTestResult>
  </Results>
</TestRun>