<?xml version="1.0" encoding="UTF-8"?>
<TestRun id="e061482e-9882-4116-93dd-52b309909515" name="Paolo Possanzini@ARCHERAIR 2012-04-27 17:28:49" runUser="ArcherAir\Paolo Possanzini" xmlns="http://microsoft.com/schemas/VisualStudio/TeamTest/2010">
  <TestSettings name="Local" id="4707d66f-81bb-41c3-aa51-3ebe07eb1174">
    <Description>These are default test settings for a local test run.</Description>
    <Deployment enabled="false" runDeploymentRoot="Paolo Possanzini_ARCHERAIR 2012-04-27 17_28_49">
      <DeploymentItem filename="C:\temp\Pegaso 2000\TestableWebApplication\BL\bin\Debug\BL.dll" />
      <DeploymentItem filename="C:\temp\Pegaso 2000\TestableWebApplication\Model\bin\Debug\Model.dll" />
      <DeploymentItem filename="C:\temp\Pegaso 2000\TestableWebApplication\DataAccessLayer\bin\Debug\DataAccessLayer.dll" />
      <DeploymentItem filename="C:\temp\Pegaso 2000\TestableWebApplication\Factory\bin\Debug\Factory.dll" />
    </Deployment>
    <Execution>
      <TestTypeSpecific />
      <AgentRule name="Execution Agents">
      </AgentRule>
    </Execution>
  </TestSettings>
  <Times creation="2012-04-27T17:28:49.8222656+02:00" queuing="2012-04-27T17:28:50.9316406+02:00" start="2012-04-27T17:28:51.1816406+02:00" finish="2012-04-27T17:29:20.5410156+02:00" />
  <ResultSummary outcome="Completed">
    <Counters total="1" executed="1" passed="1" error="0" failed="0" timeout="0" aborted="0" inconclusive="0" passedButRunAborted="0" notRunnable="0" notExecuted="0" disconnected="0" warning="0" completed="0" inProgress="0" pending="0" />
  </ResultSummary>
  <TestDefinitions>
    <UnitTest name="GetCustomer1" storage="c:\temp\pegaso 2000\testablewebapplication\testproject1\bin\debug\testproject1.dll" id="9310e0a7-b0fb-255c-9f58-4935a47e7558">
      <Execution id="e152aa28-66cc-4057-b909-83a1064ceccf" />
      <TestMethod codeBase="C:/temp/Pegaso 2000/TestableWebApplication/TestProject1/bin/Debug/TestProject1.DLL" adapterTypeName="Microsoft.VisualStudio.TestTools.TestTypes.Unit.UnitTestAdapter, Microsoft.VisualStudio.QualityTools.Tips.UnitTest.Adapter, Version=10.0.0.0, Culture=neutral, PublicKeyToken=b03f5f7f11d50a3a" className="TestProject1.UnitTest1, TestProject1, Version=1.0.0.0, Culture=neutral, PublicKeyToken=null" name="GetCustomer1" />
    </UnitTest>
  </TestDefinitions>
  <TestLists>
    <TestList name="Results Not in a List" id="8c84fa94-04c1-424b-9868-57a2d4851a1d" />
    <TestList name="All Loaded Results" id="19431567-8539-422a-85d7-44ee4e166bda" />
  </TestLists>
  <TestEntries>
    <TestEntry testId="9310e0a7-b0fb-255c-9f58-4935a47e7558" executionId="e152aa28-66cc-4057-b909-83a1064ceccf" testListId="8c84fa94-04c1-424b-9868-57a2d4851a1d" />
  </TestEntries>
  <Results>
    <UnitTestResult executionId="e152aa28-66cc-4057-b909-83a1064ceccf" testId="9310e0a7-b0fb-255c-9f58-4935a47e7558" testName="GetCustomer1" computerName="ARCHERAIR" duration="00:00:27.9565146" startTime="2012-04-27T17:28:51.4160156+02:00" endTime="2012-04-27T17:29:20.4003906+02:00" testType="13cdc9d9-ddb5-4fa4-a97d-d965ccfc6d4b" outcome="Passed" testListId="8c84fa94-04c1-424b-9868-57a2d4851a1d" relativeResultsDirectory="e152aa28-66cc-4057-b909-83a1064ceccf">
    </UnitTestResult>
  </Results>
</TestRun>